%!Adobe-FontList 1.20
%Locale:0x409

%BeginFont
Handler:DirectoryHandler
FontType:Invalid
OutlineFileName:C:\Users\sead\Desktop\Projekte\mygym\Font\Bison-Bold.woff
FileModTime:1613949549
%EndFont

%BeginFont
Handler:DirectoryHandler
FontType:Invalid
OutlineFileName:C:\Users\sead\Desktop\Projekte\mygym\Font\Bison-Bold.woff2
FileModTime:1613949549
%EndFont

%BeginFont
Handler:DirectoryHandler
FontType:Invalid
OutlineFileName:C:\Users\sead\Desktop\Projekte\mygym\Font\demo.html
FileModTime:1613949549
%EndFont

%BeginFont
Handler:DirectoryHandler
FontType:Invalid
OutlineFileName:C:\Users\sead\Desktop\Projekte\mygym\Font\stylesheet.css
FileModTime:1613949549
%EndFont

